<?xml version="1.0" encoding="UTF-8"?>
<testng-results ignored="0" total="2" passed="1" failed="1" skipped="0">
  <reporter-output>
  </reporter-output>
  <suite started-at="2023-05-04T06:54:57 GMT-04:00" name="Suite" finished-at="2023-05-04T06:55:10 GMT-04:00" duration-ms="12837">
    <groups>
    </groups>
    <test started-at="2023-05-04T06:54:57 GMT-04:00" name="Test" finished-at="2023-05-04T06:55:10 GMT-04:00" duration-ms="12837">
      <class name="TestCases.VerifySignUpPage">
        <test-method is-config="true" signature="launchBrowser()[pri:0, instance:TestCases.VerifySignUpPage@7722c3c3]" started-at="2023-05-04T06:54:57 GMT-04:00" name="launchBrowser" finished-at="2023-05-04T06:55:01 GMT-04:00" duration-ms="3520" status="PASS">
          <reporter-output>
          </reporter-output>
        </test-method> <!-- launchBrowser -->
        <test-method signature="signup()[pri:0, instance:TestCases.VerifySignUpPage@7722c3c3]" started-at="2023-05-04T06:55:01 GMT-04:00" name="signup" finished-at="2023-05-04T06:55:07 GMT-04:00" duration-ms="6144" status="PASS">
          <reporter-output>
          </reporter-output>
        </test-method> <!-- signup -->
        <test-method is-config="true" signature="quitBrowser()[pri:0, instance:TestCases.VerifySignUpPage@7722c3c3]" started-at="2023-05-04T06:55:07 GMT-04:00" name="quitBrowser" finished-at="2023-05-04T06:55:07 GMT-04:00" duration-ms="205" status="PASS">
          <reporter-output>
          </reporter-output>
        </test-method> <!-- quitBrowser -->
      </class> <!-- TestCases.VerifySignUpPage -->
      <class name="TestCases.VerifyLogin">
        <test-method is-config="true" signature="launchBrowser()[pri:0, instance:TestCases.VerifyLogin@3bb9a3ff]" started-at="2023-05-04T06:55:07 GMT-04:00" name="launchBrowser" finished-at="2023-05-04T06:55:09 GMT-04:00" duration-ms="2199" status="PASS">
          <reporter-output>
          </reporter-output>
        </test-method> <!-- launchBrowser -->
        <test-method signature="login()[pri:0, instance:TestCases.VerifyLogin@3bb9a3ff]" started-at="2023-05-04T06:55:09 GMT-04:00" name="login" finished-at="2023-05-04T06:55:10 GMT-04:00" duration-ms="609" status="FAIL">
          <exception class="java.lang.AssertionError">
            <message>
              <![CDATA[The following asserts failed:
ERROR expected [Error in Login] but found [Please check your username and password. If you still can't log in, contact your Salesforce administrator.]]]>
            </message>
            <full-stacktrace>
              <![CDATA[java.lang.AssertionError: The following asserts failed:
ERROR expected [Error in Login] but found [Please check your username and password. If you still can't log in, contact your Salesforce administrator.]
at org.testng.asserts.SoftAssert.assertAll(SoftAssert.java:47)
at org.testng.asserts.SoftAssert.assertAll(SoftAssert.java:31)
at TestCases.VerifyLogin.login(VerifyLogin.java:26)
at java.base/jdk.internal.reflect.NativeMethodAccessorImpl.invoke0(Native Method)
at java.base/jdk.internal.reflect.NativeMethodAccessorImpl.invoke(NativeMethodAccessorImpl.java:77)
at java.base/jdk.internal.reflect.DelegatingMethodAccessorImpl.invoke(DelegatingMethodAccessorImpl.java:43)
at java.base/java.lang.reflect.Method.invoke(Method.java:568)
at org.testng.internal.MethodInvocationHelper.invokeMethod(MethodInvocationHelper.java:133)
at org.testng.internal.TestInvoker.invokeMethod(TestInvoker.java:598)
at org.testng.internal.TestInvoker.invokeTestMethod(TestInvoker.java:173)
at org.testng.internal.MethodRunner.runInSequence(MethodRunner.java:46)
at org.testng.internal.TestInvoker$MethodInvocationAgent.invoke(TestInvoker.java:824)
at org.testng.internal.TestInvoker.invokeTestMethods(TestInvoker.java:146)
at org.testng.internal.TestMethodWorker.invokeTestMethods(TestMethodWorker.java:146)
at org.testng.internal.TestMethodWorker.run(TestMethodWorker.java:128)
at java.base/java.util.ArrayList.forEach(ArrayList.java:1511)
at org.testng.TestRunner.privateRun(TestRunner.java:794)
at org.testng.TestRunner.run(TestRunner.java:596)
at org.testng.SuiteRunner.runTest(SuiteRunner.java:377)
at org.testng.SuiteRunner.runSequentially(SuiteRunner.java:371)
at org.testng.SuiteRunner.privateRun(SuiteRunner.java:332)
at org.testng.SuiteRunner.run(SuiteRunner.java:276)
at org.testng.SuiteRunnerWorker.runSuite(SuiteRunnerWorker.java:53)
at org.testng.SuiteRunnerWorker.run(SuiteRunnerWorker.java:96)
at org.testng.TestNG.runSuitesSequentially(TestNG.java:1212)
at org.testng.TestNG.runSuitesLocally(TestNG.java:1134)
at org.testng.TestNG.runSuites(TestNG.java:1063)
at org.testng.TestNG.run(TestNG.java:1031)
at org.testng.remote.AbstractRemoteTestNG.run(AbstractRemoteTestNG.java:115)
at org.testng.remote.RemoteTestNG.initAndRun(RemoteTestNG.java:251)
at org.testng.remote.RemoteTestNG.main(RemoteTestNG.java:77)
]]>
            </full-stacktrace>
          </exception> <!-- java.lang.AssertionError -->
          <reporter-output>
          </reporter-output>
        </test-method> <!-- login -->
        <test-method is-config="true" signature="quitBrowser()[pri:0, instance:TestCases.VerifyLogin@3bb9a3ff]" started-at="2023-05-04T06:55:10 GMT-04:00" name="quitBrowser" finished-at="2023-05-04T06:55:10 GMT-04:00" duration-ms="125" status="PASS">
          <reporter-output>
          </reporter-output>
        </test-method> <!-- quitBrowser -->
      </class> <!-- TestCases.VerifyLogin -->
    </test> <!-- Test -->
  </suite> <!-- Suite -->
</testng-results>
